{"/home/kz/wk/gas-template/src/constants.ts": {"path":"/home/kz/wk/gas-template/src/constants.ts","all":false,"statementMap":{"0":{"start":{"line":1,"column":0},"end":{"line":1,"column":26}},"1":{"start":{"line":2,"column":0},"end":{"line":2,"column":40}},"2":{"start":{"line":3,"column":0},"end":{"line":3,"column":35}},"3":{"start":{"line":4,"column":0},"end":{"line":4,"column":38}},"4":{"start":{"line":5,"column":0},"end":{"line":5,"column":44}},"5":{"start":{"line":6,"column":0},"end":{"line":6,"column":42}},"6":{"start":{"line":7,"column":0},"end":{"line":7,"column":45}},"7":{"start":{"line":8,"column":0},"end":{"line":8,"column":52}},"8":{"start":{"line":9,"column":0},"end":{"line":9,"column":0}},"9":{"start":{"line":10,"column":0},"end":{"line":10,"column":30}},"10":{"start":{"line":11,"column":0},"end":{"line":11,"column":56}},"11":{"start":{"line":12,"column":0},"end":{"line":12,"column":64}},"12":{"start":{"line":13,"column":0},"end":{"line":13,"column":49}},"13":{"start":{"line":14,"column":0},"end":{"line":14,"column":43}}},"s":{"0":1,"1":1,"2":1,"3":1,"4":1,"5":1,"6":1,"7":1,"8":1,"9":1,"10":1,"11":1,"12":1,"13":1},"branchMap":{},"b":{},"fnMap":{},"f":{}}
,"/home/kz/wk/gas-template/src/sheetExistChecker.ts": {"path":"/home/kz/wk/gas-template/src/sheetExistChecker.ts","all":false,"statementMap":{"0":{"start":{"line":1,"column":0},"end":{"line":1,"column":55}},"1":{"start":{"line":2,"column":0},"end":{"line":2,"column":0}},"2":{"start":{"line":3,"column":0},"end":{"line":3,"column":13}},"3":{"start":{"line":4,"column":0},"end":{"line":4,"column":19}},"4":{"start":{"line":5,"column":0},"end":{"line":5,"column":23}},"5":{"start":{"line":6,"column":0},"end":{"line":6,"column":22}},"6":{"start":{"line":7,"column":0},"end":{"line":7,"column":1}},"7":{"start":{"line":8,"column":0},"end":{"line":8,"column":0}},"8":{"start":{"line":9,"column":0},"end":{"line":9,"column":20}},"9":{"start":{"line":10,"column":0},"end":{"line":10,"column":23}},"10":{"start":{"line":11,"column":0},"end":{"line":11,"column":1}},"11":{"start":{"line":12,"column":0},"end":{"line":12,"column":0}},"12":{"start":{"line":13,"column":0},"end":{"line":13,"column":38}},"13":{"start":{"line":14,"column":0},"end":{"line":14,"column":0}},"14":{"start":{"line":15,"column":0},"end":{"line":15,"column":15}},"15":{"start":{"line":16,"column":0},"end":{"line":16,"column":29}},"16":{"start":{"line":17,"column":0},"end":{"line":17,"column":47}},"17":{"start":{"line":18,"column":0},"end":{"line":18,"column":1}},"18":{"start":{"line":19,"column":0},"end":{"line":19,"column":0}},"19":{"start":{"line":20,"column":0},"end":{"line":20,"column":32}},"20":{"start":{"line":21,"column":0},"end":{"line":21,"column":0}},"21":{"start":{"line":22,"column":0},"end":{"line":22,"column":67}},"22":{"start":{"line":23,"column":0},"end":{"line":23,"column":0}},"23":{"start":{"line":24,"column":0},"end":{"line":24,"column":79}},"24":{"start":{"line":25,"column":0},"end":{"line":25,"column":42}},"25":{"start":{"line":26,"column":0},"end":{"line":26,"column":0}},"26":{"start":{"line":27,"column":0},"end":{"line":27,"column":3}},"27":{"start":{"line":28,"column":0},"end":{"line":28,"column":13}},"28":{"start":{"line":29,"column":0},"end":{"line":29,"column":3}},"29":{"start":{"line":30,"column":0},"end":{"line":30,"column":38}},"30":{"start":{"line":31,"column":0},"end":{"line":31,"column":49}},"31":{"start":{"line":32,"column":0},"end":{"line":32,"column":32}},"32":{"start":{"line":33,"column":0},"end":{"line":33,"column":0}},"33":{"start":{"line":34,"column":0},"end":{"line":34,"column":7}},"34":{"start":{"line":35,"column":0},"end":{"line":35,"column":21}},"35":{"start":{"line":36,"column":0},"end":{"line":36,"column":39}},"36":{"start":{"line":37,"column":0},"end":{"line":37,"column":60}},"37":{"start":{"line":38,"column":0},"end":{"line":38,"column":24}},"38":{"start":{"line":39,"column":0},"end":{"line":39,"column":29}},"39":{"start":{"line":40,"column":0},"end":{"line":40,"column":28}},"40":{"start":{"line":41,"column":0},"end":{"line":41,"column":28}},"41":{"start":{"line":42,"column":0},"end":{"line":42,"column":44}},"42":{"start":{"line":43,"column":0},"end":{"line":43,"column":5}},"43":{"start":{"line":44,"column":0},"end":{"line":44,"column":3}},"44":{"start":{"line":45,"column":0},"end":{"line":45,"column":0}},"45":{"start":{"line":46,"column":0},"end":{"line":46,"column":16}},"46":{"start":{"line":47,"column":0},"end":{"line":47,"column":1}},"47":{"start":{"line":48,"column":0},"end":{"line":48,"column":0}},"48":{"start":{"line":49,"column":0},"end":{"line":49,"column":3}},"49":{"start":{"line":50,"column":0},"end":{"line":50,"column":20}},"50":{"start":{"line":51,"column":0},"end":{"line":51,"column":3}},"51":{"start":{"line":52,"column":0},"end":{"line":52,"column":35}},"52":{"start":{"line":53,"column":0},"end":{"line":53,"column":43}},"53":{"start":{"line":54,"column":0},"end":{"line":54,"column":21}},"54":{"start":{"line":55,"column":0},"end":{"line":55,"column":72}},"55":{"start":{"line":56,"column":0},"end":{"line":56,"column":3}},"56":{"start":{"line":57,"column":0},"end":{"line":57,"column":0}},"57":{"start":{"line":58,"column":0},"end":{"line":58,"column":21}},"58":{"start":{"line":59,"column":0},"end":{"line":59,"column":1}},"59":{"start":{"line":60,"column":0},"end":{"line":60,"column":0}},"60":{"start":{"line":61,"column":0},"end":{"line":61,"column":3}},"61":{"start":{"line":62,"column":0},"end":{"line":62,"column":19}},"62":{"start":{"line":63,"column":0},"end":{"line":63,"column":24}},"63":{"start":{"line":64,"column":0},"end":{"line":64,"column":12}},"64":{"start":{"line":65,"column":0},"end":{"line":65,"column":3}},"65":{"start":{"line":66,"column":0},"end":{"line":66,"column":81}},"66":{"start":{"line":67,"column":0},"end":{"line":67,"column":55}},"67":{"start":{"line":68,"column":0},"end":{"line":68,"column":21}},"68":{"start":{"line":69,"column":0},"end":{"line":69,"column":63}},"69":{"start":{"line":70,"column":0},"end":{"line":70,"column":3}},"70":{"start":{"line":71,"column":0},"end":{"line":71,"column":0}},"71":{"start":{"line":72,"column":0},"end":{"line":72,"column":59}},"72":{"start":{"line":73,"column":0},"end":{"line":73,"column":75}},"73":{"start":{"line":74,"column":0},"end":{"line":74,"column":2}},"74":{"start":{"line":75,"column":0},"end":{"line":75,"column":56}},"75":{"start":{"line":76,"column":0},"end":{"line":76,"column":24}},"76":{"start":{"line":77,"column":0},"end":{"line":77,"column":18}},"77":{"start":{"line":78,"column":0},"end":{"line":78,"column":82}},"78":{"start":{"line":79,"column":0},"end":{"line":79,"column":18}},"79":{"start":{"line":80,"column":0},"end":{"line":80,"column":6}},"80":{"start":{"line":81,"column":0},"end":{"line":81,"column":4}},"81":{"start":{"line":82,"column":0},"end":{"line":82,"column":59}},"82":{"start":{"line":83,"column":0},"end":{"line":83,"column":47}},"83":{"start":{"line":84,"column":0},"end":{"line":84,"column":12}},"84":{"start":{"line":85,"column":0},"end":{"line":85,"column":44}},"85":{"start":{"line":86,"column":0},"end":{"line":86,"column":5}},"86":{"start":{"line":87,"column":0},"end":{"line":87,"column":4}},"87":{"start":{"line":88,"column":0},"end":{"line":88,"column":20}},"88":{"start":{"line":89,"column":0},"end":{"line":89,"column":3}},"89":{"start":{"line":90,"column":0},"end":{"line":90,"column":0}},"90":{"start":{"line":91,"column":0},"end":{"line":91,"column":30}},"91":{"start":{"line":92,"column":0},"end":{"line":92,"column":0}},"92":{"start":{"line":93,"column":0},"end":{"line":93,"column":10}},"93":{"start":{"line":94,"column":0},"end":{"line":94,"column":33}},"94":{"start":{"line":95,"column":0},"end":{"line":95,"column":48}},"95":{"start":{"line":96,"column":0},"end":{"line":96,"column":3}},"96":{"start":{"line":97,"column":0},"end":{"line":97,"column":1}},"97":{"start":{"line":98,"column":0},"end":{"line":98,"column":0}},"98":{"start":{"line":99,"column":0},"end":{"line":99,"column":3}},"99":{"start":{"line":100,"column":0},"end":{"line":100,"column":25}},"100":{"start":{"line":101,"column":0},"end":{"line":101,"column":16}},"101":{"start":{"line":102,"column":0},"end":{"line":102,"column":3}},"102":{"start":{"line":103,"column":0},"end":{"line":103,"column":60}},"103":{"start":{"line":104,"column":0},"end":{"line":104,"column":22}},"104":{"start":{"line":105,"column":0},"end":{"line":105,"column":1}},"105":{"start":{"line":106,"column":0},"end":{"line":106,"column":0}},"106":{"start":{"line":107,"column":0},"end":{"line":107,"column":3}},"107":{"start":{"line":108,"column":0},"end":{"line":108,"column":15}},"108":{"start":{"line":109,"column":0},"end":{"line":109,"column":36}},"109":{"start":{"line":110,"column":0},"end":{"line":110,"column":33}},"110":{"start":{"line":111,"column":0},"end":{"line":111,"column":3}},"111":{"start":{"line":112,"column":0},"end":{"line":112,"column":51}},"112":{"start":{"line":113,"column":0},"end":{"line":113,"column":32}},"113":{"start":{"line":114,"column":0},"end":{"line":114,"column":0}},"114":{"start":{"line":115,"column":0},"end":{"line":115,"column":21}},"115":{"start":{"line":116,"column":0},"end":{"line":116,"column":63}},"116":{"start":{"line":117,"column":0},"end":{"line":117,"column":4}},"117":{"start":{"line":118,"column":0},"end":{"line":118,"column":0}},"118":{"start":{"line":119,"column":0},"end":{"line":119,"column":16}},"119":{"start":{"line":120,"column":0},"end":{"line":120,"column":72}},"120":{"start":{"line":121,"column":0},"end":{"line":121,"column":28}},"121":{"start":{"line":122,"column":0},"end":{"line":122,"column":63}},"122":{"start":{"line":123,"column":0},"end":{"line":123,"column":3}},"123":{"start":{"line":124,"column":0},"end":{"line":124,"column":0}},"124":{"start":{"line":125,"column":0},"end":{"line":125,"column":12}},"125":{"start":{"line":126,"column":0},"end":{"line":126,"column":64}},"126":{"start":{"line":127,"column":0},"end":{"line":127,"column":26}},"127":{"start":{"line":128,"column":0},"end":{"line":128,"column":18}},"128":{"start":{"line":129,"column":0},"end":{"line":129,"column":65}},"129":{"start":{"line":130,"column":0},"end":{"line":130,"column":3}},"130":{"start":{"line":131,"column":0},"end":{"line":131,"column":0}},"131":{"start":{"line":132,"column":0},"end":{"line":132,"column":18}},"132":{"start":{"line":133,"column":0},"end":{"line":133,"column":23}},"133":{"start":{"line":134,"column":0},"end":{"line":134,"column":46}},"134":{"start":{"line":135,"column":0},"end":{"line":135,"column":32}},"135":{"start":{"line":136,"column":0},"end":{"line":136,"column":29}},"136":{"start":{"line":137,"column":0},"end":{"line":137,"column":14}},"137":{"start":{"line":138,"column":0},"end":{"line":138,"column":16}},"138":{"start":{"line":139,"column":0},"end":{"line":139,"column":28}},"139":{"start":{"line":140,"column":0},"end":{"line":140,"column":0}},"140":{"start":{"line":141,"column":0},"end":{"line":141,"column":23}},"141":{"start":{"line":142,"column":0},"end":{"line":142,"column":1}},"142":{"start":{"line":143,"column":0},"end":{"line":143,"column":0}},"143":{"start":{"line":144,"column":0},"end":{"line":144,"column":3}},"144":{"start":{"line":145,"column":0},"end":{"line":145,"column":24}},"145":{"start":{"line":146,"column":0},"end":{"line":146,"column":3}},"146":{"start":{"line":147,"column":0},"end":{"line":147,"column":40}},"147":{"start":{"line":148,"column":0},"end":{"line":148,"column":14}},"148":{"start":{"line":149,"column":0},"end":{"line":149,"column":21}},"149":{"start":{"line":150,"column":0},"end":{"line":150,"column":12}},"150":{"start":{"line":151,"column":0},"end":{"line":151,"column":29}},"151":{"start":{"line":152,"column":0},"end":{"line":152,"column":1}},"152":{"start":{"line":153,"column":0},"end":{"line":153,"column":0}},"153":{"start":{"line":154,"column":0},"end":{"line":154,"column":0}},"154":{"start":{"line":155,"column":0},"end":{"line":155,"column":3}},"155":{"start":{"line":156,"column":0},"end":{"line":156,"column":10}},"156":{"start":{"line":157,"column":0},"end":{"line":157,"column":3}},"157":{"start":{"line":158,"column":0},"end":{"line":158,"column":41}},"158":{"start":{"line":159,"column":0},"end":{"line":159,"column":27}},"159":{"start":{"line":160,"column":0},"end":{"line":160,"column":99}},"160":{"start":{"line":161,"column":0},"end":{"line":161,"column":41}},"161":{"start":{"line":162,"column":0},"end":{"line":162,"column":3}},"162":{"start":{"line":163,"column":0},"end":{"line":163,"column":1}},"163":{"start":{"line":164,"column":0},"end":{"line":164,"column":0}},"164":{"start":{"line":165,"column":0},"end":{"line":165,"column":3}},"165":{"start":{"line":166,"column":0},"end":{"line":166,"column":8}},"166":{"start":{"line":167,"column":0},"end":{"line":167,"column":3}},"167":{"start":{"line":168,"column":0},"end":{"line":168,"column":49}},"168":{"start":{"line":169,"column":0},"end":{"line":169,"column":27}},"169":{"start":{"line":170,"column":0},"end":{"line":170,"column":124}},"170":{"start":{"line":171,"column":0},"end":{"line":171,"column":121}},"171":{"start":{"line":172,"column":0},"end":{"line":172,"column":60}},"172":{"start":{"line":173,"column":0},"end":{"line":173,"column":3}},"173":{"start":{"line":174,"column":0},"end":{"line":174,"column":1}}},"s":{"0":1,"1":1,"2":1,"3":1,"4":1,"5":1,"6":1,"7":1,"8":1,"9":1,"10":1,"11":1,"12":1,"13":1,"14":1,"15":1,"16":1,"17":1,"18":1,"19":1,"20":1,"21":1,"22":1,"23":1,"24":1,"25":1,"26":1,"27":1,"28":1,"29":2,"30":2,"31":2,"32":2,"33":2,"34":2,"35":2,"36":2,"37":2,"38":1,"39":1,"40":1,"41":1,"42":1,"43":1,"44":2,"45":2,"46":2,"47":1,"48":1,"49":1,"50":1,"51":8,"52":8,"53":8,"54":2,"55":2,"56":6,"57":6,"58":6,"59":1,"60":1,"61":1,"62":1,"63":1,"64":1,"65":3,"66":3,"67":3,"68":1,"69":1,"70":2,"71":3,"72":6,"73":6,"74":6,"75":6,"76":6,"77":6,"78":6,"79":6,"80":6,"81":6,"82":1,"83":6,"84":5,"85":5,"86":6,"87":6,"88":6,"89":2,"90":2,"91":2,"92":2,"93":2,"94":2,"95":2,"96":2,"97":1,"98":1,"99":1,"100":1,"101":1,"102":1,"103":1,"104":1,"105":1,"106":1,"107":1,"108":1,"109":1,"110":1,"111":4,"112":4,"113":4,"114":4,"115":0,"116":4,"117":4,"118":4,"119":4,"120":4,"121":1,"122":1,"123":3,"124":3,"125":3,"126":4,"127":1,"128":1,"129":1,"130":2,"131":2,"132":2,"133":2,"134":2,"135":2,"136":2,"137":2,"138":2,"139":2,"140":2,"141":2,"142":1,"143":1,"144":1,"145":1,"146":6,"147":6,"148":6,"149":6,"150":6,"151":6,"152":1,"153":1,"154":1,"155":1,"156":1,"157":6,"158":6,"159":6,"160":6,"161":6,"162":6,"163":1,"164":1,"165":1,"166":1,"167":6,"168":6,"169":6,"170":6,"171":6,"172":6,"173":6},"branchMap":{"0":{"type":"branch","line":30,"loc":{"start":{"line":30,"column":0},"end":{"line":47,"column":1}},"locations":[{"start":{"line":30,"column":0},"end":{"line":47,"column":1}}]},"1":{"type":"branch","line":38,"loc":{"start":{"line":38,"column":4},"end":{"line":44,"column":3}},"locations":[{"start":{"line":38,"column":4},"end":{"line":44,"column":3}}]},"2":{"type":"branch","line":52,"loc":{"start":{"line":52,"column":0},"end":{"line":59,"column":1}},"locations":[{"start":{"line":52,"column":0},"end":{"line":59,"column":1}}]},"3":{"type":"branch","line":54,"loc":{"start":{"line":54,"column":20},"end":{"line":56,"column":3}},"locations":[{"start":{"line":54,"column":20},"end":{"line":56,"column":3}}]},"4":{"type":"branch","line":57,"loc":{"start":{"line":57,"column":-1},"end":{"line":59,"column":1}},"locations":[{"start":{"line":57,"column":-1},"end":{"line":59,"column":1}}]},"5":{"type":"branch","line":66,"loc":{"start":{"line":66,"column":0},"end":{"line":97,"column":1}},"locations":[{"start":{"line":66,"column":0},"end":{"line":97,"column":1}}]},"6":{"type":"branch","line":68,"loc":{"start":{"line":68,"column":20},"end":{"line":70,"column":3}},"locations":[{"start":{"line":68,"column":20},"end":{"line":70,"column":3}}]},"7":{"type":"branch","line":71,"loc":{"start":{"line":71,"column":-1},"end":{"line":72,"column":58}},"locations":[{"start":{"line":71,"column":-1},"end":{"line":72,"column":58}}]},"8":{"type":"branch","line":72,"loc":{"start":{"line":72,"column":58},"end":{"line":89,"column":3}},"locations":[{"start":{"line":72,"column":58},"end":{"line":89,"column":3}}]},"9":{"type":"branch","line":73,"loc":{"start":{"line":73,"column":68},"end":{"line":73,"column":74}},"locations":[{"start":{"line":73,"column":68},"end":{"line":73,"column":74}}]},"10":{"type":"branch","line":78,"loc":{"start":{"line":78,"column":20},"end":{"line":78,"column":48}},"locations":[{"start":{"line":78,"column":20},"end":{"line":78,"column":48}}]},"11":{"type":"branch","line":78,"loc":{"start":{"line":78,"column":49},"end":{"line":78,"column":55}},"locations":[{"start":{"line":78,"column":49},"end":{"line":78,"column":55}}]},"12":{"type":"branch","line":78,"loc":{"start":{"line":78,"column":56},"end":{"line":78,"column":81}},"locations":[{"start":{"line":78,"column":56},"end":{"line":78,"column":81}}]},"13":{"type":"branch","line":82,"loc":{"start":{"line":82,"column":16},"end":{"line":82,"column":56}},"locations":[{"start":{"line":82,"column":16},"end":{"line":82,"column":56}}]},"14":{"type":"branch","line":82,"loc":{"start":{"line":82,"column":58},"end":{"line":84,"column":5}},"locations":[{"start":{"line":82,"column":58},"end":{"line":84,"column":5}}]},"15":{"type":"branch","line":84,"loc":{"start":{"line":84,"column":5},"end":{"line":86,"column":5}},"locations":[{"start":{"line":84,"column":5},"end":{"line":86,"column":5}}]},"16":{"type":"branch","line":90,"loc":{"start":{"line":90,"column":-1},"end":{"line":97,"column":1}},"locations":[{"start":{"line":90,"column":-1},"end":{"line":97,"column":1}}]},"17":{"type":"branch","line":103,"loc":{"start":{"line":103,"column":0},"end":{"line":105,"column":1}},"locations":[{"start":{"line":103,"column":0},"end":{"line":105,"column":1}}]},"18":{"type":"branch","line":112,"loc":{"start":{"line":112,"column":0},"end":{"line":142,"column":1}},"locations":[{"start":{"line":112,"column":0},"end":{"line":142,"column":1}}]},"19":{"type":"branch","line":115,"loc":{"start":{"line":115,"column":20},"end":{"line":117,"column":3}},"locations":[{"start":{"line":115,"column":20},"end":{"line":117,"column":3}}]},"20":{"type":"branch","line":121,"loc":{"start":{"line":121,"column":27},"end":{"line":123,"column":3}},"locations":[{"start":{"line":121,"column":27},"end":{"line":123,"column":3}}]},"21":{"type":"branch","line":124,"loc":{"start":{"line":124,"column":-1},"end":{"line":127,"column":25}},"locations":[{"start":{"line":124,"column":-1},"end":{"line":127,"column":25}}]},"22":{"type":"branch","line":127,"loc":{"start":{"line":127,"column":25},"end":{"line":130,"column":3}},"locations":[{"start":{"line":127,"column":25},"end":{"line":130,"column":3}}]},"23":{"type":"branch","line":131,"loc":{"start":{"line":131,"column":-1},"end":{"line":142,"column":1}},"locations":[{"start":{"line":131,"column":-1},"end":{"line":142,"column":1}}]},"24":{"type":"branch","line":147,"loc":{"start":{"line":147,"column":0},"end":{"line":152,"column":1}},"locations":[{"start":{"line":147,"column":0},"end":{"line":152,"column":1}}]},"25":{"type":"branch","line":158,"loc":{"start":{"line":158,"column":0},"end":{"line":163,"column":1}},"locations":[{"start":{"line":158,"column":0},"end":{"line":163,"column":1}}]},"26":{"type":"branch","line":168,"loc":{"start":{"line":168,"column":0},"end":{"line":174,"column":1}},"locations":[{"start":{"line":168,"column":0},"end":{"line":174,"column":1}}]}},"b":{"0":[2],"1":[1],"2":[8],"3":[2],"4":[6],"5":[3],"6":[1],"7":[2],"8":[6],"9":[0],"10":[5],"11":[5],"12":[1],"13":[5],"14":[1],"15":[5],"16":[2],"17":[1],"18":[4],"19":[0],"20":[1],"21":[3],"22":[1],"23":[2],"24":[6],"25":[6],"26":[6]},"fnMap":{"0":{"name":"sheetExistChecker","decl":{"start":{"line":30,"column":0},"end":{"line":47,"column":1}},"loc":{"start":{"line":30,"column":0},"end":{"line":47,"column":1}},"line":30},"1":{"name":"getSpreadSheet","decl":{"start":{"line":52,"column":0},"end":{"line":59,"column":1}},"loc":{"start":{"line":52,"column":0},"end":{"line":59,"column":1}},"line":52},"2":{"name":"getExistingSheetNameList","decl":{"start":{"line":66,"column":0},"end":{"line":97,"column":1}},"loc":{"start":{"line":66,"column":0},"end":{"line":97,"column":1}},"line":66},"3":{"name":"setSpreadSheetObj","decl":{"start":{"line":103,"column":0},"end":{"line":105,"column":1}},"loc":{"start":{"line":103,"column":0},"end":{"line":105,"column":1}},"line":103},"4":{"name":"getSheetNameList","decl":{"start":{"line":112,"column":0},"end":{"line":142,"column":1}},"loc":{"start":{"line":112,"column":0},"end":{"line":142,"column":1}},"line":112},"5":{"name":"setResult","decl":{"start":{"line":147,"column":0},"end":{"line":152,"column":1}},"loc":{"start":{"line":147,"column":0},"end":{"line":152,"column":1}},"line":147},"6":{"name":"setMessage","decl":{"start":{"line":158,"column":0},"end":{"line":163,"column":1}},"loc":{"start":{"line":158,"column":0},"end":{"line":163,"column":1}},"line":158},"7":{"name":"setBackgroundColor","decl":{"start":{"line":168,"column":0},"end":{"line":174,"column":1}},"loc":{"start":{"line":168,"column":0},"end":{"line":174,"column":1}},"line":168}},"f":{"0":2,"1":8,"2":3,"3":1,"4":4,"5":6,"6":6,"7":6}}
}
