TN:
SF:src/constants.ts
FNF:0
FNH:0
DA:1,1
DA:2,1
DA:3,1
DA:4,1
DA:5,1
DA:6,1
DA:7,1
DA:8,1
DA:9,1
DA:10,1
DA:11,1
DA:12,1
DA:13,1
DA:14,1
LF:14
LH:14
BRF:0
BRH:0
end_of_record
TN:
SF:src/sheetExistChecker.ts
FN:30,sheetExistChecker
FN:52,getSpreadSheet
FN:66,getExistingSheetNameList
FN:103,setSpreadSheetObj
FN:112,getSheetNameList
FN:147,setResult
FN:158,setMessage
FN:168,setBackgroundColor
FNF:8
FNH:8
FNDA:2,sheetExistChecker
FNDA:8,getSpreadSheet
FNDA:3,getExistingSheetNameList
FNDA:1,setSpreadSheetObj
FNDA:4,getSheetNameList
FNDA:6,setResult
FNDA:6,setMessage
FNDA:6,setBackgroundColor
DA:1,1
DA:2,1
DA:3,1
DA:4,1
DA:5,1
DA:6,1
DA:7,1
DA:8,1
DA:9,1
DA:10,1
DA:11,1
DA:12,1
DA:13,1
DA:14,1
DA:15,1
DA:16,1
DA:17,1
DA:18,1
DA:19,1
DA:20,1
DA:21,1
DA:22,1
DA:23,1
DA:24,1
DA:25,1
DA:26,1
DA:27,1
DA:28,1
DA:29,1
DA:30,2
DA:31,2
DA:32,2
DA:33,2
DA:34,2
DA:35,2
DA:36,2
DA:37,2
DA:38,2
DA:39,1
DA:40,1
DA:41,1
DA:42,1
DA:43,1
DA:44,1
DA:45,2
DA:46,2
DA:47,2
DA:48,1
DA:49,1
DA:50,1
DA:51,1
DA:52,8
DA:53,8
DA:54,8
DA:55,2
DA:56,2
DA:57,6
DA:58,6
DA:59,6
DA:60,1
DA:61,1
DA:62,1
DA:63,1
DA:64,1
DA:65,1
DA:66,3
DA:67,3
DA:68,3
DA:69,1
DA:70,1
DA:71,2
DA:72,3
DA:73,6
DA:74,6
DA:75,6
DA:76,6
DA:77,6
DA:78,6
DA:79,6
DA:80,6
DA:81,6
DA:82,6
DA:83,1
DA:84,6
DA:85,5
DA:86,5
DA:87,6
DA:88,6
DA:89,6
DA:90,2
DA:91,2
DA:92,2
DA:93,2
DA:94,2
DA:95,2
DA:96,2
DA:97,2
DA:98,1
DA:99,1
DA:100,1
DA:101,1
DA:102,1
DA:103,1
DA:104,1
DA:105,1
DA:106,1
DA:107,1
DA:108,1
DA:109,1
DA:110,1
DA:111,1
DA:112,4
DA:113,4
DA:114,4
DA:115,4
DA:116,0
DA:117,4
DA:118,4
DA:119,4
DA:120,4
DA:121,4
DA:122,1
DA:123,1
DA:124,3
DA:125,3
DA:126,3
DA:127,4
DA:128,1
DA:129,1
DA:130,1
DA:131,2
DA:132,2
DA:133,2
DA:134,2
DA:135,2
DA:136,2
DA:137,2
DA:138,2
DA:139,2
DA:140,2
DA:141,2
DA:142,2
DA:143,1
DA:144,1
DA:145,1
DA:146,1
DA:147,6
DA:148,6
DA:149,6
DA:150,6
DA:151,6
DA:152,6
DA:153,1
DA:154,1
DA:155,1
DA:156,1
DA:157,1
DA:158,6
DA:159,6
DA:160,6
DA:161,6
DA:162,6
DA:163,6
DA:164,1
DA:165,1
DA:166,1
DA:167,1
DA:168,6
DA:169,6
DA:170,6
DA:171,6
DA:172,6
DA:173,6
DA:174,6
LF:174
LH:173
BRDA:30,0,0,2
BRDA:38,1,0,1
BRDA:52,2,0,8
BRDA:54,3,0,2
BRDA:57,4,0,6
BRDA:66,5,0,3
BRDA:68,6,0,1
BRDA:71,7,0,2
BRDA:72,8,0,6
BRDA:73,9,0,0
BRDA:78,10,0,5
BRDA:78,11,0,5
BRDA:78,12,0,1
BRDA:82,13,0,5
BRDA:82,14,0,1
BRDA:84,15,0,5
BRDA:90,16,0,2
BRDA:103,17,0,1
BRDA:112,18,0,4
BRDA:115,19,0,0
BRDA:121,20,0,1
BRDA:124,21,0,3
BRDA:127,22,0,1
BRDA:131,23,0,2
BRDA:147,24,0,6
BRDA:158,25,0,6
BRDA:168,26,0,6
BRF:27
BRH:25
end_of_record
