TN:
SF:src/constants.ts
FNF:0
FNH:0
DA:1,1
DA:2,1
DA:3,1
DA:4,1
DA:5,1
DA:6,1
DA:7,1
DA:8,1
DA:9,1
DA:10,1
DA:11,1
DA:12,1
DA:13,1
LF:13
LH:13
BRF:0
BRH:0
end_of_record
TN:
SF:src/sheetExistChecker.ts
FN:10,sheetExistChecker
FN:70,setResult
FN:81,setMessage
FN:91,setBackgroundColor
FNF:4
FNH:3
FNDA:4,sheetExistChecker
FNDA:3,setResult
FNDA:3,setMessage
FNDA:0,setBackgroundColor
DA:1,1
DA:2,1
DA:3,1
DA:4,1
DA:5,1
DA:6,1
DA:7,1
DA:8,1
DA:9,1
DA:10,4
DA:11,4
DA:12,4
DA:13,4
DA:14,4
DA:15,4
DA:16,4
DA:17,1
DA:18,1
DA:19,3
DA:20,3
DA:21,4
DA:22,0
DA:23,0
DA:24,0
DA:25,0
DA:26,3
DA:27,3
DA:28,3
DA:29,3
DA:30,3
DA:31,3
DA:32,3
DA:33,3
DA:34,3
DA:35,3
DA:36,3
DA:37,3
DA:38,4
DA:39,0
DA:40,0
DA:41,0
DA:42,3
DA:43,3
DA:44,3
DA:45,3
DA:46,3
DA:47,3
DA:48,3
DA:49,3
DA:50,3
DA:51,3
DA:52,3
DA:53,3
DA:54,3
DA:55,3
DA:56,3
DA:57,3
DA:58,3
DA:59,4
DA:60,3
DA:61,3
DA:62,3
DA:63,3
DA:64,3
DA:65,4
DA:66,1
DA:67,1
DA:68,1
DA:69,1
DA:70,3
DA:71,3
DA:72,3
DA:73,3
DA:74,3
DA:75,3
DA:76,1
DA:77,1
DA:78,1
DA:79,1
DA:80,1
DA:81,3
DA:82,3
DA:83,3
DA:84,3
DA:85,3
DA:86,3
DA:87,1
DA:88,1
DA:89,1
DA:90,1
DA:91,0
DA:92,0
DA:93,0
DA:94,0
DA:95,0
DA:96,0
DA:97,0
LF:97
LH:83
BRDA:10,0,0,4
BRDA:16,1,0,1
BRDA:19,2,0,3
BRDA:21,3,0,0
BRDA:26,4,0,3
BRDA:38,5,0,0
BRDA:42,6,0,3
BRDA:44,7,0,0
BRDA:49,8,0,0
BRDA:49,9,0,0
BRDA:53,10,0,0
BRDA:59,11,0,0
BRDA:59,12,0,3
BRDA:70,13,0,3
BRDA:81,14,0,3
BRF:15
BRH:8
end_of_record
